#
# A fatal error has been detected by the Java Runtime Environment:
#
#  EXCEPTION_ACCESS_VIOLATION (0xc0000005) at pc=0x0000000061592c40, pid=4188, tid=0x00000000000026e4
#
# JRE version: Java(TM) SE Runtime Environment (8.0_144-b01) (build 1.8.0_144-b01)
# Java VM: Java HotSpot(TM) 64-Bit Server VM (25.144-b01 mixed mode windows-amd64 compressed oops)
# Problematic frame:
# V  [jvm.dll+0x1e2c40]
#
# Failed to write core dump. Minidumps are not enabled by default on client versions of Windows
#
# If you would like to submit a bug report, please visit:
#   http://bugreport.java.com/bugreport/crash.jsp
#

---------------  T H R E A D  ---------------

Current thread (0x0000000016b3d000):  JavaThread "JavaFX Application Thread" [_thread_in_vm, id=9956, stack(0x0000000017990000,0x0000000017a90000)]

siginfo: ExceptionCode=0xc0000005, reading address 0xffffffffffffffff

Registers:
RAX=0x0000000000000000, RBX=0x0000000016b3d000, RCX=0x0000000000000d00, RDX=0x0000000017a8ca60
RSP=0x0000000017a8ca10, RBP=0x0000000017a8caa0, RSI=0x8c0020a0df956012, RDI=0x0000000017a8d188
R8 =0x8c0020a0df956012, R9 =0x00000000c2508940, R10=0x0000000002abe2fb, R11=0x0000000002abd940
R12=0x0000000000000000, R13=0x0000000017a8cb20, R14=0x0000000017a8cb88, R15=0x0000000016b3d000
RIP=0x0000000061592c40, EFLAGS=0x0000000000010246

Top of Stack: (sp=0x0000000017a8ca10)
0x0000000017a8ca10:   00000000000003cc 000000001dec9b30
0x0000000017a8ca20:   0000000017a8cb08 000000006146cc05
0x0000000017a8ca30:   000000001df3eac0 0000000002abe375
0x0000000017a8ca40:   000000001c46ddb0 0000000017a8caa0
0x0000000017a8ca50:   00000000c2307350 0000000061466e86
0x0000000017a8ca60:   00000000c2307350 0000000016b3d000
0x0000000017a8ca70:   00000001000117a8 0000000000000000
0x0000000017a8ca80:   00000000eebc6028 000000000272542c
0x0000000017a8ca90:   00000000001d6bc0 000000000271faf7
0x0000000017a8caa0:   0000000017a8cb70 0000000002abda8c
0x0000000017a8cab0:   00000000eebc5768 0000000000000457
0x0000000017a8cac0:   000000000000022c 0000000017a8cac8
0x0000000017a8cad0:   000000001dec9afe 0000000017a8cbb8
0x0000000017a8cae0:   000000001df47e58 0000000000000000
0x0000000017a8caf0:   000000001dec9ce0 0000000000000000
0x0000000017a8cb00:   0000000017a8cb70 0000000002707e70 

Instructions: (pc=0x0000000061592c40)
0x0000000061592c20:   8b 43 30 a9 00 00 00 30 74 08 48 8b cb e8 5e 00
0x0000000061592c30:   06 00 c7 83 70 02 00 00 06 00 00 00 48 8b 7b 48
0x0000000061592c40:   48 8b 36 48 8b 47 10 48 8b 6f 08 48 83 38 00 74
0x0000000061592c50:   15 48 8b 57 28 48 8b cd e8 63 b4 ee ff 48 8b 4f 


Register to memory mapping:

RAX=0x0000000000000000 is an unknown value
RBX=0x0000000016b3d000 is a thread
RCX=0x0000000000000d00 is an unknown value
RDX=0x0000000017a8ca60 is pointing into the stack for thread: 0x0000000016b3d000
RSP=0x0000000017a8ca10 is pointing into the stack for thread: 0x0000000016b3d000
RBP=0x0000000017a8caa0 is pointing into the stack for thread: 0x0000000016b3d000
RSI=0x8c0020a0df956012 is an unknown value
RDI=0x0000000017a8d188 is pointing into the stack for thread: 0x0000000016b3d000
R8 =0x8c0020a0df956012 is an unknown value
R9 =0x00000000c2508940 is an oop
java.lang.Class 
 - klass: 'java/lang/Class'
R10=0x0000000002abe2fb is at entry_point+59 in (nmethod*)0x0000000002abe150
R11=0x0000000002abd940 is at entry_point+0 in (nmethod*)0x0000000002abd7d0
R12=0x0000000000000000 is an unknown value
R13=0x0000000017a8cb20 is pointing into the stack for thread: 0x0000000016b3d000
R14=0x0000000017a8cb88 is pointing into the stack for thread: 0x0000000016b3d000
R15=0x0000000016b3d000 is a thread


Stack: [0x0000000017990000,0x0000000017a90000],  sp=0x0000000017a8ca10,  free space=1010k
Native frames: (J=compiled Java code, j=interpreted, Vv=VM code, C=native code)
V  [jvm.dll+0x1e2c40]
C  0x0000000002abe375

Java frames: (J=compiled Java code, j=interpreted, Vv=VM code)
J 1016  sun.misc.Unsafe.getAddress(J)J (0 bytes) @ 0x0000000002abe2fb [0x0000000002abe2c0+0x3b]
J 1014 C1 org.lwjgl.system.MemoryUtil.memGetAddress(J)J (10 bytes) @ 0x0000000002abda8c [0x0000000002abd940+0x14c]
j  org.lwjgl.assimp.AIMesh.nmVertices(J)Lorg/lwjgl/assimp/AIVector3D$Buffer;+6
j  org.lwjgl.assimp.AIMesh.mVertices()Lorg/lwjgl/assimp/AIVector3D$Buffer;+4
j  edu.lwjgl_fx_01.ui.model.engine.loaders.assimp.StaticMeshesLoader.processVertices(Lorg/lwjgl/assimp/AIMesh;Ljava/util/List;)V+1
j  edu.lwjgl_fx_01.ui.model.engine.loaders.assimp.StaticMeshesLoader.processMesh(Lorg/lwjgl/assimp/AIMesh;Ljava/util/List;)Ledu/lwjgl_fx_01/ui/model/engine/graph/MeshFx;+38
j  edu.lwjgl_fx_01.ui.model.engine.loaders.assimp.StaticMeshesLoader.load(Ljava/lang/String;Ljava/lang/String;I)Ledu/lwjgl_fx_01/ui/model/engine/SceneFx;+135
j  edu.lwjgl_fx_01.ui.model.engine.loaders.assimp.StaticMeshesLoader.load(Ljava/lang/String;Ljava/lang/String;)Ledu/lwjgl_fx_01/ui/model/engine/SceneFx;+6
j  edu.lwjgl_fx_01.ui.controller.AssimpLoader.loadModel(Ljava/lang/String;Ljava/lang/String;)V+7
j  edu.lwjgl_fx_01.ui.controller.AssimpLoader.<init>(Ljava/lang/String;Ljava/lang/String;Z)V+252
j  edu.lwjgl_fx_01.basic.om.MainFx3D.<init>()V+305
v  ~StubRoutines::call_stub
j  sun.reflect.NativeConstructorAccessorImpl.newInstance0(Ljava/lang/reflect/Constructor;[Ljava/lang/Object;)Ljava/lang/Object;+0
j  sun.reflect.NativeConstructorAccessorImpl.newInstance([Ljava/lang/Object;)Ljava/lang/Object;+85
j  sun.reflect.DelegatingConstructorAccessorImpl.newInstance([Ljava/lang/Object;)Ljava/lang/Object;+5
j  java.lang.reflect.Constructor.newInstance([Ljava/lang/Object;)Ljava/lang/Object;+79
j  com.sun.javafx.application.LauncherImpl.lambda$launchApplication1$161(Ljava/lang/Class;Ljava/util/concurrent/atomic/AtomicReference;[Ljava/lang/String;)V+15
j  com.sun.javafx.application.LauncherImpl$$Lambda$53.run()V+12
j  com.sun.javafx.application.PlatformImpl.lambda$runAndWait$175(Ljava/lang/Runnable;Ljava/util/concurrent/CountDownLatch;)V+1
j  com.sun.javafx.application.PlatformImpl$$Lambda$48.run()V+8
j  com.sun.javafx.application.PlatformImpl.lambda$null$173(Ljava/lang/Runnable;)Ljava/lang/Void;+1
j  com.sun.javafx.application.PlatformImpl$$Lambda$50.run()Ljava/lang/Object;+4
v  ~StubRoutines::call_stub
j  java.security.AccessController.doPrivileged(Ljava/security/PrivilegedAction;Ljava/security/AccessControlContext;)Ljava/lang/Object;+0
j  com.sun.javafx.application.PlatformImpl.lambda$runLater$174(Ljava/lang/Runnable;Ljava/security/AccessControlContext;)V+7
j  com.sun.javafx.application.PlatformImpl$$Lambda$49.run()V+8
j  com.sun.glass.ui.InvokeLaterDispatcher$Future.run()V+4
v  ~StubRoutines::call_stub
j  com.sun.glass.ui.win.WinApplication._runLoop(Ljava/lang/Runnable;)V+0
j  com.sun.glass.ui.win.WinApplication.lambda$null$148(ILjava/lang/Runnable;)V+8
j  com.sun.glass.ui.win.WinApplication$$Lambda$38.run()V+12
j  java.lang.Thread.run()V+11
v  ~StubRoutines::call_stub

---------------  P R O C E S S  ---------------

Java Threads: ( => current thread )
  0x0000000016efb800 JavaThread "JavaFX-Launcher" [_thread_blocked, id=10036, stack(0x000000001c280000,0x000000001c380000)]
  0x0000000016c2f000 JavaThread "Thread-2" daemon [_thread_in_native, id=5316, stack(0x000000001bd90000,0x000000001be90000)]
=>0x0000000016b3d000 JavaThread "JavaFX Application Thread" [_thread_in_vm, id=9956, stack(0x0000000017990000,0x0000000017a90000)]
  0x0000000016b23000 JavaThread "Thread-1" daemon [_thread_blocked, id=7724, stack(0x0000000017890000,0x0000000017990000)]
  0x00000000168f6800 JavaThread "QuantumRenderer-0" daemon [_thread_blocked, id=3008, stack(0x0000000017310000,0x0000000017410000)]
  0x000000001654a800 JavaThread "Service Thread" daemon [_thread_blocked, id=6972, stack(0x0000000016910000,0x0000000016a10000)]
  0x0000000014bde000 JavaThread "C1 CompilerThread2" daemon [_thread_blocked, id=4676, stack(0x0000000016410000,0x0000000016510000)]
  0x0000000014bda800 JavaThread "C2 CompilerThread1" daemon [_thread_blocked, id=6076, stack(0x0000000016310000,0x0000000016410000)]
  0x0000000014bd0000 JavaThread "C2 CompilerThread0" daemon [_thread_blocked, id=1100, stack(0x0000000016210000,0x0000000016310000)]
  0x0000000014bcc000 JavaThread "Attach Listener" daemon [_thread_blocked, id=1248, stack(0x0000000016110000,0x0000000016210000)]
  0x0000000014bca800 JavaThread "Signal Dispatcher" daemon [_thread_blocked, id=9896, stack(0x0000000016010000,0x0000000016110000)]
  0x000000000242e800 JavaThread "Finalizer" daemon [_thread_blocked, id=3052, stack(0x0000000015e20000,0x0000000015f20000)]
  0x0000000002425000 JavaThread "Reference Handler" daemon [_thread_blocked, id=8048, stack(0x0000000015d20000,0x0000000015e20000)]
  0x0000000002334000 JavaThread "main" [_thread_blocked, id=9108, stack(0x0000000000a40000,0x0000000000b40000)]

Other Threads:
  0x0000000014b87000 VMThread [stack: 0x0000000015c20000,0x0000000015d20000] [id=1264]
  0x0000000016557000 WatcherThread [stack: 0x0000000016a10000,0x0000000016b10000] [id=3600]

VM state:not at safepoint (normal execution)

VM Mutex/Monitor currently owned by a thread: None

Heap:
 PSYoungGen      total 74752K, used 68921K [0x00000000eb180000, 0x00000000f0680000, 0x0000000100000000)
  eden space 64000K, 94% used [0x00000000eb180000,0x00000000eeccb428,0x00000000ef000000)
  from space 10752K, 76% used [0x00000000efb00000,0x00000000f0303290,0x00000000f0580000)
  to   space 11264K, 0% used [0x00000000ef000000,0x00000000ef000000,0x00000000efb00000)
 ParOldGen       total 44032K, used 17559K [0x00000000c1400000, 0x00000000c3f00000, 0x00000000eb180000)
  object space 44032K, 39% used [0x00000000c1400000,0x00000000c2525ea0,0x00000000c3f00000)
 Metaspace       used 17562K, capacity 18077K, committed 18176K, reserved 1064960K
  class space    used 1866K, capacity 2019K, committed 2048K, reserved 1048576K

Card table byte_map: [0x0000000011ac0000,0x0000000011cc0000] byte_map_base: 0x00000000114b6000

Marking Bits: (ParMarkBitMap*) 0x0000000061bcd850
 Begin Bits: [0x00000000120c0000, 0x0000000013070000)
 End Bits:   [0x0000000013070000, 0x0000000014020000)

Polling page: 0x0000000000930000

CodeCache: size=245760Kb used=6769Kb max_used=6792Kb free=238990Kb
 bounds [0x0000000002700000, 0x0000000002db0000, 0x0000000011700000]
 total_blobs=3072 nmethods=2057 adapters=927
 compilation: enabled

Compilation events (10 events):
Event: 3.657 Thread 0x0000000014bd0000 2098       4       java.text.DecimalFormatSymbols::getInstance (37 bytes)
Event: 3.657 Thread 0x0000000014bda800 2099       4       sun.util.locale.provider.DecimalFormatSymbolsProviderImpl::getInstance (21 bytes)
Event: 3.663 Thread 0x0000000014bde000 2106 %     3       sun.misc.FloatingDecimal$ASCIIToBinaryBuffer::floatValue @ 22 (1087 bytes)
Event: 3.667 Thread 0x0000000014bde000 nmethod 2106% 0x0000000002d7e250 code [0x0000000002d7e660, 0x0000000002d80528]
Event: 3.667 Thread 0x0000000014bde000 2107       2       sun.misc.FloatingDecimal$BinaryToASCIIBuffer::developLongDigits (304 bytes)
Event: 3.668 Thread 0x0000000014bde000 nmethod 2107 0x0000000002d62bd0 code [0x0000000002d62d80, 0x0000000002d634b0]
Event: 3.683 Thread 0x0000000014bde000 2109       3       sun.misc.FloatingDecimal$ASCIIToBinaryBuffer::floatValue (1087 bytes)
Event: 3.686 Thread 0x0000000014bde000 nmethod 2109 0x0000000002d81ed0 code [0x0000000002d822c0, 0x0000000002d840e8]
Event: 3.756 Thread 0x0000000014bda800 nmethod 2099 0x0000000002d8a210 code [0x0000000002d8a560, 0x0000000002d8d708]
Event: 3.756 Thread 0x0000000014bda800 2100   !   4       java.text.DecimalFormatSymbols::initialize (317 bytes)

GC Heap History (10 events):
Event: 2.639 GC heap before
{Heap before GC invocations=4 (full 0):
 PSYoungGen      total 18944K, used 18935K [0x00000000eb180000, 0x00000000ec680000, 0x0000000100000000)
  eden space 16384K, 100% used [0x00000000eb180000,0x00000000ec180000,0x00000000ec180000)
  from space 2560K, 99% used [0x00000000ec180000,0x00000000ec3fde50,0x00000000ec400000)
  to   space 2560K, 0% used [0x00000000ec400000,0x00000000ec400000,0x00000000ec680000)
 ParOldGen       total 44032K, used 5963K [0x00000000c1400000, 0x00000000c3f00000, 0x00000000eb180000)
  object space 44032K, 13% used [0x00000000c1400000,0x00000000c19d2d48,0x00000000c3f00000)
 Metaspace       used 17114K, capacity 17581K, committed 17920K, reserved 1064960K
  class space    used 1816K, capacity 1975K, committed 2048K, reserved 1048576K
Event: 2.648 GC heap after
Heap after GC invocations=4 (full 0):
 PSYoungGen      total 18944K, used 2550K [0x00000000eb180000, 0x00000000ed680000, 0x0000000100000000)
  eden space 16384K, 0% used [0x00000000eb180000,0x00000000eb180000,0x00000000ec180000)
  from space 2560K, 99% used [0x00000000ec400000,0x00000000ec67d870,0x00000000ec680000)
  to   space 2560K, 0% used [0x00000000ec180000,0x00000000ec180000,0x00000000ec400000)
 ParOldGen       total 44032K, used 8831K [0x00000000c1400000, 0x00000000c3f00000, 0x00000000eb180000)
  object space 44032K, 20% used [0x00000000c1400000,0x00000000c1c9ff50,0x00000000c3f00000)
 Metaspace       used 17114K, capacity 17581K, committed 17920K, reserved 1064960K
  class space    used 1816K, capacity 1975K, committed 2048K, reserved 1048576K
}
Event: 2.865 GC heap before
{Heap before GC invocations=5 (full 0):
 PSYoungGen      total 18944K, used 18934K [0x00000000eb180000, 0x00000000ed680000, 0x0000000100000000)
  eden space 16384K, 100% used [0x00000000eb180000,0x00000000ec180000,0x00000000ec180000)
  from space 2560K, 99% used [0x00000000ec400000,0x00000000ec67d870,0x00000000ec680000)
  to   space 2560K, 0% used [0x00000000ec180000,0x00000000ec180000,0x00000000ec400000)
 ParOldGen       total 44032K, used 8831K [0x00000000c1400000, 0x00000000c3f00000, 0x00000000eb180000)
  object space 44032K, 20% used [0x00000000c1400000,0x00000000c1c9ff50,0x00000000c3f00000)
 Metaspace       used 17444K, capacity 17933K, committed 18176K, reserved 1064960K
  class space    used 1866K, capacity 2019K, committed 2048K, reserved 1048576K
Event: 2.880 GC heap after
Heap after GC invocations=5 (full 0):
 PSYoungGen      total 18944K, used 2538K [0x00000000eb180000, 0x00000000ee380000, 0x0000000100000000)
  eden space 16384K, 0% used [0x00000000eb180000,0x00000000eb180000,0x00000000ec180000)
  from space 2560K, 99% used [0x00000000ec180000,0x00000000ec3fabd0,0x00000000ec400000)
  to   space 9216K, 0% used [0x00000000eda80000,0x00000000eda80000,0x00000000ee380000)
 ParOldGen       total 44032K, used 15388K [0x00000000c1400000, 0x00000000c3f00000, 0x00000000eb180000)
  object space 44032K, 34% used [0x00000000c1400000,0x00000000c2307190,0x00000000c3f00000)
 Metaspace       used 17444K, capacity 17933K, committed 18176K, reserved 1064960K
  class space    used 1866K, capacity 2019K, committed 2048K, reserved 1048576K
}
Event: 2.989 GC heap before
{Heap before GC invocations=6 (full 0):
 PSYoungGen      total 18944K, used 18922K [0x00000000eb180000, 0x00000000ee380000, 0x0000000100000000)
  eden space 16384K, 100% used [0x00000000eb180000,0x00000000ec180000,0x00000000ec180000)
  from space 2560K, 99% used [0x00000000ec180000,0x00000000ec3fabd0,0x00000000ec400000)
  to   space 9216K, 0% used [0x00000000eda80000,0x00000000eda80000,0x00000000ee380000)
 ParOldGen       total 44032K, used 15388K [0x00000000c1400000, 0x00000000c3f00000, 0x00000000eb180000)
  object space 44032K, 34% used [0x00000000c1400000,0x00000000c2307190,0x00000000c3f00000)
 Metaspace       used 17445K, capacity 17933K, committed 18176K, reserved 1064960K
  class space    used 1866K, capacity 2019K, committed 2048K, reserved 1048576K
Event: 3.000 GC heap after
Heap after GC invocations=6 (full 0):
 PSYoungGen      total 41472K, used 2681K [0x00000000eb180000, 0x00000000ee480000, 0x0000000100000000)
  eden space 32256K, 0% used [0x00000000eb180000,0x00000000eb180000,0x00000000ed100000)
  from space 9216K, 29% used [0x00000000eda80000,0x00000000edd1e6e8,0x00000000ee380000)
  to   space 9728K, 0% used [0x00000000ed100000,0x00000000ed100000,0x00000000eda80000)
 ParOldGen       total 44032K, used 15388K [0x00000000c1400000, 0x00000000c3f00000, 0x00000000eb180000)
  object space 44032K, 34% used [0x00000000c1400000,0x00000000c2307190,0x00000000c3f00000)
 Metaspace       used 17445K, capacity 17933K, committed 18176K, reserved 1064960K
  class space    used 1866K, capacity 2019K, committed 2048K, reserved 1048576K
}
Event: 3.199 GC heap before
{Heap before GC invocations=7 (full 0):
 PSYoungGen      total 41472K, used 34937K [0x00000000eb180000, 0x00000000ee480000, 0x0000000100000000)
  eden space 32256K, 100% used [0x00000000eb180000,0x00000000ed100000,0x00000000ed100000)
  from space 9216K, 29% used [0x00000000eda80000,0x00000000edd1e6e8,0x00000000ee380000)
  to   space 9728K, 0% used [0x00000000ed100000,0x00000000ed100000,0x00000000eda80000)
 ParOldGen       total 44032K, used 15388K [0x00000000c1400000, 0x00000000c3f00000, 0x00000000eb180000)
  object space 44032K, 34% used [0x00000000c1400000,0x00000000c2307190,0x00000000c3f00000)
 Metaspace       used 17522K, capacity 18065K, committed 18176K, reserved 1064960K
  class space    used 1866K, capacity 2019K, committed 2048K, reserved 1048576K
Event: 3.217 GC heap after
Heap after GC invocations=7 (full 0):
 PSYoungGen      total 41984K, used 8480K [0x00000000eb180000, 0x00000000f0580000, 0x0000000100000000)
  eden space 32256K, 0% used [0x00000000eb180000,0x00000000eb180000,0x00000000ed100000)
  from space 9728K, 87% used [0x00000000ed100000,0x00000000ed9482e0,0x00000000eda80000)
  to   space 10752K, 0% used [0x00000000efb00000,0x00000000efb00000,0x00000000f0580000)
 ParOldGen       total 44032K, used 16710K [0x00000000c1400000, 0x00000000c3f00000, 0x00000000eb180000)
  object space 44032K, 37% used [0x00000000c1400000,0x00000000c24519a0,0x00000000c3f00000)
 Metaspace       used 17522K, capacity 18065K, committed 18176K, reserved 1064960K
  class space    used 1866K, capacity 2019K, committed 2048K, reserved 1048576K
}
Event: 3.262 GC heap before
{Heap before GC invocations=8 (full 0):
 PSYoungGen      total 41984K, used 40736K [0x00000000eb180000, 0x00000000f0580000, 0x0000000100000000)
  eden space 32256K, 100% used [0x00000000eb180000,0x00000000ed100000,0x00000000ed100000)
  from space 9728K, 87% used [0x00000000ed100000,0x00000000ed9482e0,0x00000000eda80000)
  to   space 10752K, 0% used [0x00000000efb00000,0x00000000efb00000,0x00000000f0580000)
 ParOldGen       total 44032K, used 16710K [0x00000000c1400000, 0x00000000c3f00000, 0x00000000eb180000)
  object space 44032K, 37% used [0x00000000c1400000,0x00000000c24519a0,0x00000000c3f00000)
 Metaspace       used 17522K, capacity 18065K, committed 18176K, reserved 1064960K
  class space    used 1866K, capacity 2019K, committed 2048K, reserved 1048576K
Event: 3.275 GC heap after
Heap after GC invocations=8 (full 0):
 PSYoungGen      total 74752K, used 8204K [0x00000000eb180000, 0x00000000f0680000, 0x0000000100000000)
  eden space 64000K, 0% used [0x00000000eb180000,0x00000000eb180000,0x00000000ef000000)
  from space 10752K, 76% used [0x00000000efb00000,0x00000000f0303290,0x00000000f0580000)
  to   space 11264K, 0% used [0x00000000ef000000,0x00000000ef000000,0x00000000efb00000)
 ParOldGen       total 44032K, used 17559K [0x00000000c1400000, 0x00000000c3f00000, 0x00000000eb180000)
  object space 44032K, 39% used [0x00000000c1400000,0x00000000c2525ea0,0x00000000c3f00000)
 Metaspace       used 17522K, capacity 18065K, committed 18176K, reserved 1064960K
  class space    used 1866K, capacity 2019K, committed 2048K, reserved 1048576K
}

Deoptimization events (10 events):
Event: 2.850 Thread 0x0000000016b3d000 Uncommon trap: reason=bimorphic action=maybe_recompile pc=0x0000000002bb531c method=java.util.regex.Pattern$Curly.match0(Ljava/util/regex/Matcher;IILjava/lang/CharSequence;)Z @ 31
Event: 2.850 Thread 0x0000000016b3d000 Uncommon trap: reason=bimorphic action=maybe_recompile pc=0x0000000002bb531c method=java.util.regex.Pattern$Curly.match0(Ljava/util/regex/Matcher;IILjava/lang/CharSequence;)Z @ 31
Event: 2.858 Thread 0x0000000016b3d000 Uncommon trap: reason=unstable_if action=reinterpret pc=0x0000000002c14194 method=javafx.scene.transform.Affine.updateState2D()V @ 85
Event: 2.858 Thread 0x0000000016b3d000 Uncommon trap: reason=unstable_if action=reinterpret pc=0x0000000002c14c10 method=javafx.scene.transform.Affine.updateState2D()V @ 85
Event: 3.067 Thread 0x0000000016b3d000 Uncommon trap: reason=unstable_if action=reinterpret pc=0x0000000002b9d304 method=sun.misc.FloatingDecimal$ASCIIToBinaryBuffer.floatValue()F @ 939
Event: 3.181 Thread 0x0000000016b3d000 Uncommon trap: reason=unstable_if action=reinterpret pc=0x0000000002c03524 method=javafx.scene.transform.Affine.updateState2D()V @ 76
Event: 3.512 Thread 0x0000000016b3d000 Uncommon trap: reason=class_check action=maybe_recompile pc=0x0000000002cd3790 method=java.io.BufferedInputStream.read1([BII)I @ 39
Event: 3.519 Thread 0x0000000016b3d000 Uncommon trap: reason=class_check action=maybe_recompile pc=0x0000000002cd3790 method=java.io.BufferedInputStream.read1([BII)I @ 39
Event: 3.522 Thread 0x0000000016b3d000 Uncommon trap: reason=class_check action=maybe_recompile pc=0x0000000002cd3790 method=java.io.BufferedInputStream.read1([BII)I @ 39
Event: 3.541 Thread 0x0000000016b3d000 Uncommon trap: reason=class_check action=maybe_recompile pc=0x0000000002cd3790 method=java.io.BufferedInputStream.read1([BII)I @ 39

Internal exceptions (10 events):
Event: 0.220 Thread 0x0000000002334000 Exception <a 'java/security/PrivilegedActionException'> (0x00000000eb42f690) thrown at [C:\re\workspace\8-2-build-windows-amd64-cygwin\jdk8u144\9417\hotspot\src\share\vm\prims\jvm.cpp, line 1390]
Event: 0.221 Thread 0x0000000002334000 Exception <a 'java/lang/NullPointerException'> (0x00000000eb42fc68) thrown at [C:\re\workspace\8-2-build-windows-amd64-cygwin\jdk8u144\9417\hotspot\src\share\vm\interpreter\linkResolver.cpp, line 1197]
Event: 0.691 Thread 0x0000000016b3d000 Exception <a 'java/lang/NoSuchMethodError': org.slf4j.impl.StaticMarkerBinder.getSingleton()Lorg/slf4j/impl/StaticMarkerBinder;> (0x00000000ebae2228) thrown at [C:\re\workspace\8-2-build-windows-amd64-cygwin\jdk8u144\9417\hotspot\src\share\vm\interpreter\
Event: 0.731 Thread 0x0000000016b3d000 Exception <a 'java/io/FileNotFoundException'> (0x00000000ebcd6460) thrown at [C:\re\workspace\8-2-build-windows-amd64-cygwin\jdk8u144\9417\hotspot\src\share\vm\prims\jni.cpp, line 709]
Event: 0.799 Thread 0x0000000002334000 Exception <a 'java/lang/NoSuchMethodError': org.slf4j.impl.StaticMDCBinder.getSingleton()Lorg/slf4j/impl/StaticMDCBinder;> (0x00000000ebebb6b0) thrown at [C:\re\workspace\8-2-build-windows-amd64-cygwin\jdk8u144\9417\hotspot\src\share\vm\interpreter\linkRe
Event: 0.861 Thread 0x0000000016b3d000 Exception <a 'java/lang/NullPointerException'> (0x00000000ec133390) thrown at [C:\re\workspace\8-2-build-windows-amd64-cygwin\jdk8u144\9417\hotspot\src\share\vm\interpreter\linkResolver.cpp, line 1197]
Event: 0.861 Thread 0x0000000016b3d000 Exception <a 'java/lang/NullPointerException'> (0x00000000ec133390) thrown at [C:\re\workspace\8-2-build-windows-amd64-cygwin\jdk8u144\9417\hotspot\src\share\vm\prims\jvm.cpp, line 1394]
Event: 0.876 Thread 0x0000000016b3d000 Exception <a 'java/lang/NoSuchMethodError': java.lang.Object.lambda$static$0(Ljava/lang/String;)Ljava/lang/Boolean;> (0x00000000eb1f15f8) thrown at [C:\re\workspace\8-2-build-windows-amd64-cygwin\jdk8u144\9417\hotspot\src\share\vm\interpreter\linkResolver
Event: 1.704 Thread 0x0000000016b3d000 Exception <a 'sun/nio/fs/WindowsException'> (0x00000000eb45f108) thrown at [C:\re\workspace\8-2-build-windows-amd64-cygwin\jdk8u144\9417\hotspot\src\share\vm\prims\jni.cpp, line 709]
Event: 1.704 Thread 0x0000000016b3d000 Exception <a 'sun/nio/fs/WindowsException'> (0x00000000eb45f900) thrown at [C:\re\workspace\8-2-build-windows-amd64-cygwin\jdk8u144\9417\hotspot\src\share\vm\prims\jni.cpp, line 709]

Events (10 events):
Event: 3.522 Thread 0x0000000016b3d000 Uncommon trap: trap_request=0xffffffde fr.pc=0x0000000002cd3790
Event: 3.522 Thread 0x0000000016b3d000 DEOPT PACKING pc=0x0000000002cd3790 sp=0x0000000017a8c3f0
Event: 3.522 Thread 0x0000000016b3d000 DEOPT UNPACKING pc=0x000000000274582a sp=0x0000000017a8c3f8 mode 2
Event: 3.541 Thread 0x0000000016b3d000 Uncommon trap: trap_request=0xffffffde fr.pc=0x0000000002cd3790
Event: 3.541 Thread 0x0000000016b3d000 DEOPT PACKING pc=0x0000000002cd3790 sp=0x0000000017a8c3f0
Event: 3.541 Thread 0x0000000016b3d000 DEOPT UNPACKING pc=0x000000000274582a sp=0x0000000017a8c3f8 mode 2
Event: 3.599 Thread 0x0000000016b3d000 DEOPT PACKING pc=0x0000000002c9cf8f sp=0x0000000017a8c610
Event: 3.599 Thread 0x0000000016b3d000 DEOPT UNPACKING pc=0x000000000274787f sp=0x0000000017a8c328 mode 0
Event: 3.628 Thread 0x0000000016b3d000 DEOPT PACKING pc=0x0000000002c9c46d sp=0x0000000017a8c610
Event: 3.629 Thread 0x0000000016b3d000 DEOPT UNPACKING pc=0x000000000274787f sp=0x0000000017a8c328 mode 0


Dynamic libraries:
0x00007ff6a6730000 - 0x00007ff6a6767000 	C:\Program Files\Java\jdk1.8.0_144\bin\javaw.exe
0x00007ffdf2b90000 - 0x00007ffdf2d6b000 	C:\Windows\SYSTEM32\ntdll.dll
0x00007ffdeacd0000 - 0x00007ffdead03000 	C:\Program Files (x86)\AVG\Antivirus\x64\aswhooka.dll
0x00007ffdf06d0000 - 0x00007ffdf077e000 	C:\Windows\System32\KERNEL32.DLL
0x00007ffdef2f0000 - 0x00007ffdef539000 	C:\Windows\System32\KERNELBASE.dll
0x00007ffdf29e0000 - 0x00007ffdf2a81000 	C:\Windows\System32\ADVAPI32.dll
0x00007ffdf05d0000 - 0x00007ffdf066d000 	C:\Windows\System32\msvcrt.dll
0x00007ffdf00f0000 - 0x00007ffdf0149000 	C:\Windows\System32\sechost.dll
0x00007ffdf2380000 - 0x00007ffdf24a5000 	C:\Windows\System32\RPCRT4.dll
0x00007ffdf0480000 - 0x00007ffdf05ca000 	C:\Windows\System32\USER32.dll
0x00007ffdef5a0000 - 0x00007ffdef5be000 	C:\Windows\System32\win32u.dll
0x00007ffdf29b0000 - 0x00007ffdf29d7000 	C:\Windows\System32\GDI32.dll
0x00007ffdef160000 - 0x00007ffdef2e8000 	C:\Windows\System32\gdi32full.dll
0x00007ffdf0050000 - 0x00007ffdf00ea000 	C:\Windows\System32\msvcp_win.dll
0x00007ffdef630000 - 0x00007ffdef726000 	C:\Windows\System32\ucrtbase.dll
0x00007ffdea060000 - 0x00007ffdea2c7000 	C:\Windows\WinSxS\amd64_microsoft.windows.common-controls_6595b64144ccf1df_6.0.15063.483_none_26002d27e7c744a2\COMCTL32.dll
0x00007ffdf2080000 - 0x00007ffdf2379000 	C:\Windows\System32\combase.dll
0x00007ffdef5c0000 - 0x00007ffdef62a000 	C:\Windows\System32\bcryptPrimitives.dll
0x00007ffdf0b60000 - 0x00007ffdf0b8d000 	C:\Windows\System32\IMM32.DLL
0x0000000062ac0000 - 0x0000000062b92000 	C:\Program Files\Java\jdk1.8.0_144\jre\bin\msvcr100.dll
0x00000000613b0000 - 0x0000000061c4d000 	C:\Program Files\Java\jdk1.8.0_144\jre\bin\server\jvm.dll
0x00007ffdf0930000 - 0x00007ffdf0938000 	C:\Windows\System32\PSAPI.DLL
0x00007ffde5280000 - 0x00007ffde5289000 	C:\Windows\SYSTEM32\WSOCK32.dll
0x00007ffdf2a90000 - 0x00007ffdf2afc000 	C:\Windows\System32\WS2_32.dll
0x00007ffded3e0000 - 0x00007ffded403000 	C:\Windows\SYSTEM32\WINMM.dll
0x00007ffde0030000 - 0x00007ffde003a000 	C:\Windows\SYSTEM32\VERSION.dll
0x00007ffded380000 - 0x00007ffded3ab000 	C:\Windows\SYSTEM32\WINMMBASE.dll
0x00007ffdf0000000 - 0x00007ffdf0049000 	C:\Windows\System32\cfgmgr32.dll
0x0000000062ab0000 - 0x0000000062abf000 	C:\Program Files\Java\jdk1.8.0_144\jre\bin\verify.dll
0x0000000062a80000 - 0x0000000062aa9000 	C:\Program Files\Java\jdk1.8.0_144\jre\bin\java.dll
0x0000000062a60000 - 0x0000000062a76000 	C:\Program Files\Java\jdk1.8.0_144\jre\bin\zip.dll
0x00007ffdf0c40000 - 0x00007ffdf2077000 	C:\Windows\System32\SHELL32.dll
0x00007ffdf0b90000 - 0x00007ffdf0c3a000 	C:\Windows\System32\shcore.dll
0x00007ffdef730000 - 0x00007ffdefe23000 	C:\Windows\System32\windows.storage.dll
0x00007ffdf24b0000 - 0x00007ffdf2501000 	C:\Windows\System32\shlwapi.dll
0x00007ffdef090000 - 0x00007ffdef0a1000 	C:\Windows\System32\kernel.appcore.dll
0x00007ffdef040000 - 0x00007ffdef08c000 	C:\Windows\System32\powrprof.dll
0x00007ffdef000000 - 0x00007ffdef015000 	C:\Windows\System32\profapi.dll
0x00007ffdcc940000 - 0x00007ffdcca2f000 	C:\Program Files\Java\jdk1.8.0_144\jre\bin\msvcr120.dll
0x00007ffdcb560000 - 0x00007ffdcb606000 	C:\Program Files\Java\jdk1.8.0_144\jre\bin\msvcp120.dll
0x0000000062a30000 - 0x0000000062a52000 	C:\Program Files\Java\jdk1.8.0_144\jre\bin\prism_d3d.dll
0x00007ffdc8e80000 - 0x00007ffdc9009000 	C:\Windows\system32\d3d9.dll
0x00007ffdebfa0000 - 0x00007ffdebfca000 	C:\Windows\SYSTEM32\dwmapi.dll
0x00007ffded710000 - 0x00007ffded7a5000 	C:\Windows\system32\uxtheme.dll
0x00000000629e0000 - 0x0000000062a23000 	C:\Program Files\Java\jdk1.8.0_144\jre\bin\glass.dll
0x00007ffdf0820000 - 0x00007ffdf0928000 	C:\Windows\System32\COMDLG32.dll
0x00007ffdf0a10000 - 0x00007ffdf0b55000 	C:\Windows\System32\ole32.dll
0x00007ffdf0950000 - 0x00007ffdf0a10000 	C:\Windows\System32\OLEAUT32.dll
0x00007ffdf0310000 - 0x00007ffdf0476000 	C:\Windows\System32\MSCTF.dll
0x00007ffdb72c0000 - 0x00007ffdb837d000 	C:\Windows\System32\DriverStore\FileRepository\nvacwu.inf_amd64_31f4ef4821269ebb\nvd3dumx.dll
0x00000000629c0000 - 0x00000000629da000 	C:\Program Files\Java\jdk1.8.0_144\jre\bin\net.dll
0x00007ffdee910000 - 0x00007ffdee96c000 	C:\Windows\system32\mswsock.dll
0x00000000629a0000 - 0x00000000629b1000 	C:\Program Files\Java\jdk1.8.0_144\jre\bin\nio.dll
0x00007ffdd0380000 - 0x00007ffdd03d8000 	C:\Users\leshey\AppData\Local\Temp\lwjglleshey\3.1.3-SNAPSHOT\lwjgl.dll
0x00007ffdcc8f0000 - 0x00007ffdcc93d000 	C:\Users\leshey\AppData\Local\Temp\lwjglleshey\3.1.3-SNAPSHOT\glfw.dll
0x00007ffdcc5a0000 - 0x00007ffdcc5e2000 	C:\Windows\SYSTEM32\dinput8.dll
0x00007ffde1e10000 - 0x00007ffde1e1e000 	C:\Windows\SYSTEM32\xinput1_4.dll
0x00007ffdeda10000 - 0x00007ffdeda38000 	C:\Windows\SYSTEM32\DEVOBJ.dll
0x00007ffdedde0000 - 0x00007ffdedded000 	C:\Windows\SYSTEM32\HID.DLL
0x00007ffdf2510000 - 0x00007ffdf294b000 	C:\Windows\System32\SETUPAPI.DLL
0x00007ffdef540000 - 0x00007ffdef596000 	C:\Windows\System32\WINTRUST.dll
0x00007ffdef020000 - 0x00007ffdef031000 	C:\Windows\System32\MSASN1.dll
0x00007ffdefe30000 - 0x00007ffdefff9000 	C:\Windows\System32\CRYPT32.dll
0x00007ffddab20000 - 0x00007ffddac41000 	C:\Windows\SYSTEM32\opengl32.dll
0x00007ffde2f50000 - 0x00007ffde2f7c000 	C:\Windows\SYSTEM32\GLU32.dll
0x000000005f260000 - 0x00000000613b0000 	C:\Windows\SYSTEM32\nvoglv64.DLL
0x00007ffdebf80000 - 0x00007ffdebf93000 	C:\Windows\SYSTEM32\WTSAPI32.dll
0x00007ffdee360000 - 0x00007ffdee391000 	C:\Windows\SYSTEM32\ntmarta.dll
0x00007ffdee160000 - 0x00007ffdee1b5000 	C:\Windows\SYSTEM32\WINSTA.dll
0x00007ffdede70000 - 0x00007ffdedf14000 	C:\Windows\system32\dxgi.dll
0x00007ffdb9a30000 - 0x00007ffdbb162000 	C:\Windows\System32\DriverStore\FileRepository\nvacwu.inf_amd64_31f4ef4821269ebb\nvwgf2umx.dll
0x00007ffdeebc0000 - 0x00007ffdeebe5000 	C:\Windows\SYSTEM32\bcrypt.dll
0x00007ffdea5e0000 - 0x00007ffdea9da000 	C:\Windows\system32\nvapi64.dll
0x00007ffdcae30000 - 0x00007ffdcae8f000 	C:\Users\leshey\AppData\Local\Temp\lwjglleshey\3.1.3-SNAPSHOT\lwjgl_opengl.dll
0x00007ffdc5010000 - 0x00007ffdc5519000 	C:\Users\leshey\AppData\Local\Temp\lwjglleshey\3.1.3-SNAPSHOT\assimp.dll
0x00007ffdde3c0000 - 0x00007ffdde569000 	C:\Windows\SYSTEM32\dbghelp.dll

VM Arguments:
jvm_args: -Dfile.encoding=UTF-8 
java_command: edu.lwjgl_fx_01.basic.om.MainFx3D
java_class_path (initial): C:\Program Files\Java\jdk1.8.0_144\jre\lib\resources.jar;C:\Program Files\Java\jdk1.8.0_144\jre\lib\rt.jar;C:\Program Files\Java\jdk1.8.0_144\jre\lib\jsse.jar;C:\Program Files\Java\jdk1.8.0_144\jre\lib\jce.jar;C:\Program Files\Java\jdk1.8.0_144\jre\lib\charsets.jar;C:\Program Files\Java\jdk1.8.0_144\jre\lib\jfr.jar;C:\Program Files\Java\jdk1.8.0_144\jre\lib\ext\access-bridge-64.jar;C:\Program Files\Java\jdk1.8.0_144\jre\lib\ext\cldrdata.jar;C:\Program Files\Java\jdk1.8.0_144\jre\lib\ext\dnsns.jar;C:\Program Files\Java\jdk1.8.0_144\jre\lib\ext\jaccess.jar;C:\Program Files\Java\jdk1.8.0_144\jre\lib\ext\jfxrt.jar;C:\Program Files\Java\jdk1.8.0_144\jre\lib\ext\localedata.jar;C:\Program Files\Java\jdk1.8.0_144\jre\lib\ext\nashorn.jar;C:\Program Files\Java\jdk1.8.0_144\jre\lib\ext\sunec.jar;C:\Program Files\Java\jdk1.8.0_144\jre\lib\ext\sunjce_provider.jar;C:\Program Files\Java\jdk1.8.0_144\jre\lib\ext\sunmscapi.jar;C:\Program Files\Java\jdk1.8.0_144\jre\lib\ext\sunpkcs11.jar;C:\Program Files\Java\jdk1.8.0_144\jre\lib\ext\zipfs.jar;F:\projects\java\workspace\OpenGL\lwjgl_fx_07\target\classes;C:\Users\leshey\.m2\repository\org\l33tlabs\twl\pngdecoder\1.0\pngdecoder-1.0.jar;C:\Users\leshey\.m2\repository\org\springframework\boot\spring-boot-starter-data-jpa\1.5.6.RELEASE\spring-boot-starter-data-jpa-1.5.6.RELEASE.jar;C:\Users\leshey\.m2\repository\org\springframework\boot\spring-boot-starter-aop\1.5.6.RELEASE\spring-boot-starter-aop-1.5.6.RELEASE.jar;C:\Users\leshey\.m2\repository\org\springframework\spring-aop\4.3.10.RELEASE\spring-aop-4.3.10.RELEASE.jar;C:\Users\leshey\.m2\repository\org\aspectj\aspectjweaver\1.8.10\aspectjweaver-1.8.10.jar;C:\Users\leshey\.m2\repository\org\springframework\boot\spring-boot-starter-jdbc\1.5.6.RELEASE\spring-boot-starter-jdbc-1.5.6.RELEASE.jar;C:\Users\leshey\.m2\repository\org\apache\tomcat\tomcat-jdbc\8.5.16\tomcat-jdbc-8.5.16.jar;C:\Users\leshey\.m2\repository\org\apache\tomcat\tomcat-juli\8.5.16\tomcat-juli
Launcher Type: SUN_STANDARD

Environment Variables:
JAVA_HOME=C:\Program Files\Java\jdk-9
PATH=C:/Program Files/Java/jre1.8.0_144/bin/server;C:/Program Files/Java/jre1.8.0_144/bin;C:/Program Files/Java/jre1.8.0_144/lib/amd64;H:\Perl\site\bin;H:\Perl\bin;H:\Program Files\ImageMagick-7.0.7-Q16;C:\ProgramData\Oracle\Java\javapath;C:\Windows\system32;C:\Windows;C:\Windows\System32\Wbem;C:\Windows\System32\WindowsPowerShell\v1.0\;C:\Program Files (x86)\Skype\Phone\;C:\Program Files (x86)\NVIDIA Corporation\PhysX\Common;H:\Program Files\7-Zip;H:\Tools\maven\bin;H:\Tools\SceneBuilder;C:\Program Files\Microsoft SQL Server\130\Tools\Binn\;C:\Program Files\dotnet\;C:\Program Files\Java\jdk-9\bin;C:\Program Files (x86)\WiX Toolset v3.11\bin;H:\Tools\spring\bin;C:\Program Files (x86)\Windows Kits\10\Windows Performance Toolkit\;H:\Tools\jetty;H:\Tools\youtube-dl;H:\gradle\bin;H:\apache-ant\bin;C:\CMake\bin;H:\Program Files\CMake\bin;H:\cygwin64\bin;H:\cygwin64\usr\i686-w64-mingw32\sys-root\mingw\bin;H:\cygwin64\usr\x86_64-w64-mingw32\sys-root\mingw\bin;H:\mingw\bin;H:\mingw\msys\1.0\bin;H:\Python\Python36-32\Scripts\;H:\Python\Python36-32\;C:\Users\leshey\AppData\Local\Programs\Python\Launcher\;C:\Users\leshey\AppData\Local\Microsoft\WindowsApps;F:\Git\cmd;H:\Program Files\CMake\bin;F:\eclipse;
USERNAME=leshey
OS=Windows_NT
PROCESSOR_IDENTIFIER=Intel64 Family 6 Model 61 Stepping 4, GenuineIntel



---------------  S Y S T E M  ---------------

OS: Windows 10.0 , 64 bit Build 15063 (10.0.15063.296)

CPU:total 4 (initial active 4) (2 cores per cpu, 2 threads per core) family 6 model 61 stepping 4, cmov, cx8, fxsr, mmx, sse, sse2, sse3, ssse3, sse4.1, sse4.2, popcnt, avx, avx2, aes, clmul, erms, 3dnowpref, lzcnt, ht, tsc, tscinvbit, bmi1, bmi2, adx

Memory: 4k page, physical 4106696k(877644k free), swap 6334920k(1827736k free)

vm_info: Java HotSpot(TM) 64-Bit Server VM (25.144-b01) for windows-amd64 JRE (1.8.0_144-b01), built on Jul 21 2017 21:57:33 by "java_re" with MS VC++ 10.0 (VS2010)

time: Tue Nov 14 14:55:53 2017
elapsed time: 3 seconds (0d 0h 0m 3s)

